<?xml version="1.0" encoding="UTF-8"?>
<!-- Generated by org.testng.reporters.JUnitReportReporter -->
<testsuite hostname="DESKTOP-KESI400" failures="0" tests="2" name="page.tests.ReadFileShould" time="0.050" errors="0" timestamp="2020-05-17T14:27:45 CEST" skipped="0">
  <testcase classname="page.tests.ReadFileShould" name="beAbleToPrintMapAndCheckIfExistWantedUrl" time="0.034"/>
  <system-out/>
  <testcase classname="page.tests.ReadFileShould" name="beAbleToPrintMapAndCheckIfExistWantedXPath" time="0.016"/>
  <system-out/>
</testsuite> <!-- page.tests.ReadFileShould -->
