<?xml version="1.0" encoding="UTF-8"?>
<!-- Generated by org.testng.reporters.JUnitReportReporter -->
<testsuite hostname="DESKTOP-KESI400" failures="0" tests="2" name="page.tests.StartHeaderPageShould" time="111.080" errors="0" timestamp="2020-05-17T14:45:23 CEST" skipped="0">
  <testcase classname="page.tests.StartHeaderPageShould" name="haveLogo" time="68.766"/>
  <system-out/>
  <testcase classname="page.tests.StartHeaderPageShould" name="haveHelpIconItems" time="42.314"/>
  <system-out/>
</testsuite> <!-- page.tests.StartHeaderPageShould -->
