<?xml version="1.0" encoding="UTF-8"?>
<!-- Generated by org.testng.reporters.JUnitReportReporter -->
<testsuite hostname="DESKTOP-KESI400" failures="0" tests="2" name="page.tests.HeaderShould" time="10.372" errors="0" timestamp="2020-05-12T21:26:02 CEST" skipped="1">
  <testcase classname="page.tests.HeaderShould" name="haveHelpIcon" time="10.372"/>
  <system-out/>
  <testcase classname="page.tests.HeaderShould" name="haveLogo">
    <skipped/>
  </testcase> <!-- haveLogo -->
  <system-out/>
</testsuite> <!-- page.tests.HeaderShould -->
