<?xml version="1.0" encoding="UTF-8"?>
<!-- Generated by org.testng.reporters.JUnitReportReporter -->
<testsuite hostname="DESKTOP-KESI400" failures="0" tests="17" name="page.tests.EngineStartShould" time="278.948" errors="0" timestamp="2020-05-15T19:19:15 CEST" skipped="0">
  <testcase classname="page.tests.EngineStartShould" name="openTermsOfUse" time="12.884"/>
  <system-out/>
  <testcase classname="page.tests.EngineStartShould" name="openApiPage" time="19.365"/>
  <system-out/>
  <testcase classname="page.tests.EngineStartShould" name="openCreateNewProductPage" time="18.405"/>
  <system-out/>
  <testcase classname="page.tests.EngineStartShould" name="openRegistrationPage" time="13.297"/>
  <system-out/>
  <testcase classname="page.tests.EngineStartShould" name="openReportsPage" time="17.061"/>
  <system-out/>
  <testcase classname="page.tests.EngineStartShould" name="openPrivacyPolicy" time="13.836"/>
  <system-out/>
  <testcase classname="page.tests.EngineStartShould" name="openCheckOut" time="15.375"/>
  <system-out/>
  <testcase classname="page.tests.EngineStartShould" name="openSalesPage" time="16.987"/>
  <system-out/>
  <testcase classname="page.tests.EngineStartShould" name="openShippingPage" time="17.507"/>
  <system-out/>
  <testcase classname="page.tests.EngineStartShould" name="openNotificationPage" time="18.264"/>
  <system-out/>
  <testcase classname="page.tests.EngineStartShould" name="openAccountPage" time="19.889"/>
  <system-out/>
  <testcase classname="page.tests.EngineStartShould" name="openLoginPageAndLogedIn" time="15.530"/>
  <system-out/>
  <testcase classname="page.tests.EngineStartShould" name="openDeleteProductPage" time="17.391"/>
  <system-out/>
  <testcase classname="page.tests.EngineStartShould" name="openRecoveryProfilePage" time="10.688"/>
  <system-out/>
  <testcase classname="page.tests.EngineStartShould" name="openProductPage" time="17.904"/>
  <system-out/>
  <testcase classname="page.tests.EngineStartShould" name="openEditProductPricePage" time="17.302"/>
  <system-out/>
  <testcase classname="page.tests.EngineStartShould" name="openHelpPage" time="17.263"/>
  <system-out/>
</testsuite> <!-- page.tests.EngineStartShould -->
