<?xml version="1.0" encoding="UTF-8"?>
<!-- Generated by org.testng.reporters.JUnitReportReporter -->
<testsuite hostname="DESKTOP-KESI400" failures="0" tests="6" name="page.tests.OpenPageShould" time="63.004" errors="0" timestamp="2020-05-12T17:16:59 CEST" skipped="1">
  <testcase classname="page.tests.OpenPageShould" name="openTermsOfUse" time="14.425"/>
  <system-out/>
  <testcase classname="page.tests.OpenPageShould" name="openRecoveryProfile" time="7.513"/>
  <system-out/>
  <testcase classname="page.tests.OpenPageShould" name="openLoginPage" time="13.846"/>
  <system-out/>
  <testcase classname="page.tests.OpenPageShould" name="openCheckOut" time="13.519"/>
  <system-out/>
  <testcase classname="page.tests.OpenPageShould" name="openPrivacyPolicy" time="13.701"/>
  <system-out/>
  <testcase classname="page.tests.OpenPageShould" name="openRegistration">
    <skipped/>
  </testcase> <!-- openRegistration -->
  <system-out/>
</testsuite> <!-- page.tests.OpenPageShould -->
