<?xml version="1.0" encoding="UTF-8"?>
<!-- Generated by org.testng.reporters.JUnitReportReporter -->
<testsuite hostname="DESKTOP-KESI400" failures="0" tests="2" name="page.tests.StartHeaderPageShould" time="26.497" errors="0" timestamp="2020-05-15T21:22:04 CEST" skipped="0">
  <testcase classname="page.tests.StartHeaderPageShould" name="haveLogo" time="16.067"/>
  <system-out/>
  <testcase classname="page.tests.StartHeaderPageShould" name="haveHelpIconItems" time="10.430"/>
  <system-out/>
</testsuite> <!-- page.tests.StartHeaderPageShould -->
