<?xml version="1.0" encoding="UTF-8"?>
<!-- Generated by org.testng.reporters.JUnitReportReporter -->
<testsuite hostname="DESKTOP-KESI400" failures="0" tests="2" name="page.tests.LoginShould" time="10.924" errors="0" timestamp="2020-05-12T17:55:28 CEST" skipped="1">
  <testcase classname="page.tests.LoginShould" name="NotLogWithoutUsernameAndPassword" time="10.924"/>
  <system-out/>
  <testcase classname="page.tests.LoginShould" name="logOneUser">
    <skipped/>
  </testcase> <!-- logOneUser -->
  <system-out/>
</testsuite> <!-- page.tests.LoginShould -->
