<?xml version="1.0" encoding="UTF-8"?>
<!-- Generated by org.testng.reporters.JUnitReportReporter -->
<testsuite hostname="DESKTOP-KESI400" failures="0" tests="1" name="proba.Proba" time="0.014" errors="0" timestamp="2020-05-05T10:08:06 CEST" skipped="0">
  <testcase classname="proba.Proba" name="f" time="0.014"/>
  <system-out/>
</testsuite> <!-- proba.Proba -->
