<?xml version="1.0" encoding="UTF-8"?>
<!-- Generated by org.testng.reporters.JUnitReportReporter -->
<testsuite hostname="DESKTOP-KESI400" failures="0" tests="2" name="page.tests.LogInShould" time="23.964" errors="0" timestamp="2020-05-18T16:03:56 CEST" skipped="0">
  <testcase classname="page.tests.LogInShould" name="NotLogWithoutUsername" time="13.232"/>
  <system-out/>
  <testcase classname="page.tests.LogInShould" name="NotLogWithoutUsernameAndPassword" time="10.732"/>
  <system-out/>
</testsuite> <!-- page.tests.LogInShould -->
